<?xml version="1.0" encoding="UTF-8"?>
<testsuite name="org.xbill.DNS.MnemonicTest" tests="9" skipped="0" failures="0" errors="0" timestamp="2018-11-17T16:37:31" hostname="DESKTOP-HM31OVF" time="0.001">
  <properties/>
  <testcase name="test_basic_operation" classname="org.xbill.DNS.MnemonicTest" time="0.0"/>
  <testcase name="test_setMaximum" classname="org.xbill.DNS.MnemonicTest" time="0.0"/>
  <testcase name="test_basic_operation_sensitive" classname="org.xbill.DNS.MnemonicTest" time="0.0"/>
  <testcase name="test_no_maximum" classname="org.xbill.DNS.MnemonicTest" time="0.0"/>
  <testcase name="test_addAll" classname="org.xbill.DNS.MnemonicTest" time="0.0"/>
  <testcase name="test_basic_operation_lower" classname="org.xbill.DNS.MnemonicTest" time="0.0"/>
  <testcase name="test_toInteger" classname="org.xbill.DNS.MnemonicTest" time="0.0"/>
  <testcase name="test_setPrefix" classname="org.xbill.DNS.MnemonicTest" time="0.0"/>
  <testcase name="test_invalid_numeric" classname="org.xbill.DNS.MnemonicTest" time="0.0"/>
  <system-out><![CDATA[]]></system-out>
  <system-err><![CDATA[]]></system-err>
</testsuite>
