<?xml version="1.0" encoding="UTF-8"?>
<testsuite name="org.xbill.DNS.NameTest$Test_DNSInput_init" tests="32" skipped="0" failures="0" errors="0" timestamp="2018-11-17T16:37:31" hostname="DESKTOP-HM31OVF" time="0.023">
  <properties/>
  <testcase name="test_two_part_compression" classname="org.xbill.DNS.NameTest$Test_DNSInput_init" time="0.0"/>
  <testcase name="test_basic_compression_state_restore" classname="org.xbill.DNS.NameTest$Test_DNSInput_init" time="0.0"/>
  <testcase name="test_root" classname="org.xbill.DNS.NameTest$Test_DNSInput_init" time="0.0"/>
  <testcase name="test_toolong_name" classname="org.xbill.DNS.NameTest$Test_DNSInput_init" time="0.0"/>
  <testcase name="test_toomany_labels" classname="org.xbill.DNS.NameTest$Test_DNSInput_init" time="0.0"/>
  <testcase name="test_max_name" classname="org.xbill.DNS.NameTest$Test_DNSInput_init" time="0.0"/>
  <testcase name="test_max_label_length" classname="org.xbill.DNS.NameTest$Test_DNSInput_init" time="0.0"/>
  <testcase name="test_two_part_compression_state_restore" classname="org.xbill.DNS.NameTest$Test_DNSInput_init" time="0.0"/>
  <testcase name="test_basic_compression" classname="org.xbill.DNS.NameTest$Test_DNSInput_init" time="0.0"/>
  <testcase name="test_max_labels" classname="org.xbill.DNS.NameTest$Test_DNSInput_init" time="0.0"/>
  <testcase name="test_two_pointer_compression" classname="org.xbill.DNS.NameTest$Test_DNSInput_init" time="0.0"/>
  <testcase name="test_bad_compression" classname="org.xbill.DNS.NameTest$Test_DNSInput_init" time="0.001"/>
  <testcase name="test_long_jump_compression" classname="org.xbill.DNS.NameTest$Test_DNSInput_init" time="0.0"/>
  <testcase name="test_invalid_length" classname="org.xbill.DNS.NameTest$Test_DNSInput_init" time="0.0"/>
  <testcase name="test_incomplete" classname="org.xbill.DNS.NameTest$Test_DNSInput_init" time="0.0"/>
  <testcase name="test_basic" classname="org.xbill.DNS.NameTest$Test_DNSInput_init" time="0.0"/>
  <testcase name="test_two_part_compression" classname="org.xbill.DNS.NameTest$Test_DNSInput_init" time="0.0"/>
  <testcase name="test_basic_compression_state_restore" classname="org.xbill.DNS.NameTest$Test_DNSInput_init" time="0.0"/>
  <testcase name="test_root" classname="org.xbill.DNS.NameTest$Test_DNSInput_init" time="0.0"/>
  <testcase name="test_toolong_name" classname="org.xbill.DNS.NameTest$Test_DNSInput_init" time="0.001"/>
  <testcase name="test_toomany_labels" classname="org.xbill.DNS.NameTest$Test_DNSInput_init" time="0.0"/>
  <testcase name="test_max_name" classname="org.xbill.DNS.NameTest$Test_DNSInput_init" time="0.0"/>
  <testcase name="test_max_label_length" classname="org.xbill.DNS.NameTest$Test_DNSInput_init" time="0.0"/>
  <testcase name="test_two_part_compression_state_restore" classname="org.xbill.DNS.NameTest$Test_DNSInput_init" time="0.0"/>
  <testcase name="test_basic_compression" classname="org.xbill.DNS.NameTest$Test_DNSInput_init" time="0.0"/>
  <testcase name="test_max_labels" classname="org.xbill.DNS.NameTest$Test_DNSInput_init" time="0.0"/>
  <testcase name="test_two_pointer_compression" classname="org.xbill.DNS.NameTest$Test_DNSInput_init" time="0.0"/>
  <testcase name="test_bad_compression" classname="org.xbill.DNS.NameTest$Test_DNSInput_init" time="0.0"/>
  <testcase name="test_long_jump_compression" classname="org.xbill.DNS.NameTest$Test_DNSInput_init" time="0.0"/>
  <testcase name="test_invalid_length" classname="org.xbill.DNS.NameTest$Test_DNSInput_init" time="0.0"/>
  <testcase name="test_incomplete" classname="org.xbill.DNS.NameTest$Test_DNSInput_init" time="0.0"/>
  <testcase name="test_basic" classname="org.xbill.DNS.NameTest$Test_DNSInput_init" time="0.0"/>
  <system-out><![CDATA[]]></system-out>
  <system-err><![CDATA[currently 10, pointer to 1
current name 'B', seeking to 1
currently 8, pointer to 1
current name '@', seeking to 1
currently 10, pointer to 1
current name 'B', seeking to 1
currently 8, pointer to 1
current name '@', seeking to 1
currently 8, pointer to 1
current name '@', seeking to 1
]]></system-err>
</testsuite>
