<?xml version="1.0" encoding="UTF-8"?>
<testsuite name="org.xbill.DNS.FormattedTimeTest" tests="3" skipped="0" failures="0" errors="0" timestamp="2018-11-17T16:37:31" hostname="DESKTOP-HM31OVF" time="0.009">
  <properties/>
  <testcase name="test_parse_invalid" classname="org.xbill.DNS.FormattedTimeTest" time="0.007"/>
  <testcase name="test_format" classname="org.xbill.DNS.FormattedTimeTest" time="0.001"/>
  <testcase name="test_parse" classname="org.xbill.DNS.FormattedTimeTest" time="0.001"/>
  <system-out><![CDATA[]]></system-out>
  <system-err><![CDATA[]]></system-err>
</testsuite>
