<?xml version="1.0" encoding="UTF-8"?>
<testsuite name="org.xbill.DNS.GPOSRecordTest$Test_rdataFromString" tests="12" skipped="0" failures="0" errors="0" timestamp="2018-11-17T16:37:31" hostname="DESKTOP-HM31OVF" time="0.012">
  <properties/>
  <testcase name="test_latitude_toobig" classname="org.xbill.DNS.GPOSRecordTest$Test_rdataFromString" time="0.0"/>
  <testcase name="test_latitude_toosmall" classname="org.xbill.DNS.GPOSRecordTest$Test_rdataFromString" time="0.0"/>
  <testcase name="test_longitude_toosmall" classname="org.xbill.DNS.GPOSRecordTest$Test_rdataFromString" time="0.0"/>
  <testcase name="test_longitude_toobig" classname="org.xbill.DNS.GPOSRecordTest$Test_rdataFromString" time="0.0"/>
  <testcase name="test_basic" classname="org.xbill.DNS.GPOSRecordTest$Test_rdataFromString" time="0.001"/>
  <testcase name="test_invalid_string" classname="org.xbill.DNS.GPOSRecordTest$Test_rdataFromString" time="0.0"/>
  <testcase name="test_latitude_toobig" classname="org.xbill.DNS.GPOSRecordTest$Test_rdataFromString" time="0.001"/>
  <testcase name="test_latitude_toosmall" classname="org.xbill.DNS.GPOSRecordTest$Test_rdataFromString" time="0.0"/>
  <testcase name="test_longitude_toosmall" classname="org.xbill.DNS.GPOSRecordTest$Test_rdataFromString" time="0.0"/>
  <testcase name="test_longitude_toobig" classname="org.xbill.DNS.GPOSRecordTest$Test_rdataFromString" time="0.001"/>
  <testcase name="test_basic" classname="org.xbill.DNS.GPOSRecordTest$Test_rdataFromString" time="0.0"/>
  <testcase name="test_invalid_string" classname="org.xbill.DNS.GPOSRecordTest$Test_rdataFromString" time="0.001"/>
  <system-out><![CDATA[]]></system-out>
  <system-err><![CDATA[]]></system-err>
</testsuite>
