<?xml version="1.0" encoding="UTF-8"?>
<testsuite name="org.xbill.DNS.DSRecordTest$Test_Ctor_7arg" tests="16" skipped="0" failures="0" errors="0" timestamp="2018-11-17T16:37:31" hostname="DESKTOP-HM31OVF" time="0.004">
  <properties/>
  <testcase name="test_toobig_algorithm" classname="org.xbill.DNS.DSRecordTest$Test_Ctor_7arg" time="0.0"/>
  <testcase name="test_toosmall_footprint" classname="org.xbill.DNS.DSRecordTest$Test_Ctor_7arg" time="0.0"/>
  <testcase name="test_toobig_digestid" classname="org.xbill.DNS.DSRecordTest$Test_Ctor_7arg" time="0.0"/>
  <testcase name="test_toosmall_algorithm" classname="org.xbill.DNS.DSRecordTest$Test_Ctor_7arg" time="0.0"/>
  <testcase name="test_toosmall_digestid" classname="org.xbill.DNS.DSRecordTest$Test_Ctor_7arg" time="0.0"/>
  <testcase name="test_null_digest" classname="org.xbill.DNS.DSRecordTest$Test_Ctor_7arg" time="0.0"/>
  <testcase name="test_toobig_footprint" classname="org.xbill.DNS.DSRecordTest$Test_Ctor_7arg" time="0.0"/>
  <testcase name="test_basic" classname="org.xbill.DNS.DSRecordTest$Test_Ctor_7arg" time="0.0"/>
  <testcase name="test_toobig_algorithm" classname="org.xbill.DNS.DSRecordTest$Test_Ctor_7arg" time="0.001"/>
  <testcase name="test_toosmall_footprint" classname="org.xbill.DNS.DSRecordTest$Test_Ctor_7arg" time="0.0"/>
  <testcase name="test_toobig_digestid" classname="org.xbill.DNS.DSRecordTest$Test_Ctor_7arg" time="0.0"/>
  <testcase name="test_toosmall_algorithm" classname="org.xbill.DNS.DSRecordTest$Test_Ctor_7arg" time="0.0"/>
  <testcase name="test_toosmall_digestid" classname="org.xbill.DNS.DSRecordTest$Test_Ctor_7arg" time="0.0"/>
  <testcase name="test_null_digest" classname="org.xbill.DNS.DSRecordTest$Test_Ctor_7arg" time="0.0"/>
  <testcase name="test_toobig_footprint" classname="org.xbill.DNS.DSRecordTest$Test_Ctor_7arg" time="0.001"/>
  <testcase name="test_basic" classname="org.xbill.DNS.DSRecordTest$Test_Ctor_7arg" time="0.0"/>
  <system-out><![CDATA[]]></system-out>
  <system-err><![CDATA[]]></system-err>
</testsuite>
