<?xml version="1.0" encoding="UTF-8"?>
<testsuite name="org.xbill.DNS.OptionsTest" tests="7" skipped="0" failures="0" errors="0" timestamp="2018-11-17T16:37:31" hostname="DESKTOP-HM31OVF" time="0.001">
  <properties/>
  <testcase name="test_intValue" classname="org.xbill.DNS.OptionsTest" time="0.0"/>
  <testcase name="test_systemProperty" classname="org.xbill.DNS.OptionsTest" time="0.001"/>
  <testcase name="test_set_1arg" classname="org.xbill.DNS.OptionsTest" time="0.0"/>
  <testcase name="test_set_2arg" classname="org.xbill.DNS.OptionsTest" time="0.0"/>
  <testcase name="test_check" classname="org.xbill.DNS.OptionsTest" time="0.0"/>
  <testcase name="test_unset" classname="org.xbill.DNS.OptionsTest" time="0.0"/>
  <testcase name="test_value" classname="org.xbill.DNS.OptionsTest" time="0.0"/>
  <system-out><![CDATA[]]></system-out>
  <system-err><![CDATA[]]></system-err>
</testsuite>
