<?xml version="1.0" encoding="UTF-8"?>
<testsuite name="org.xbill.DNS.SOARecordTest$Test_init" tests="16" skipped="0" failures="0" errors="0" timestamp="2018-11-17T16:37:31" hostname="DESKTOP-HM31OVF" time="0.001">
  <properties/>
  <testcase name="test_10arg_toobig_retry" classname="org.xbill.DNS.SOARecordTest$Test_init" time="0.0"/>
  <testcase name="test_0arg" classname="org.xbill.DNS.SOARecordTest$Test_init" time="0.0"/>
  <testcase name="test_10arg_relative_admin" classname="org.xbill.DNS.SOARecordTest$Test_init" time="0.0"/>
  <testcase name="test_10arg_negative_expire" classname="org.xbill.DNS.SOARecordTest$Test_init" time="0.0"/>
  <testcase name="test_getObject" classname="org.xbill.DNS.SOARecordTest$Test_init" time="0.0"/>
  <testcase name="test_10arg_toobig_expire" classname="org.xbill.DNS.SOARecordTest$Test_init" time="0.0"/>
  <testcase name="test_10arg_negative_serial" classname="org.xbill.DNS.SOARecordTest$Test_init" time="0.0"/>
  <testcase name="test_10arg_relative_host" classname="org.xbill.DNS.SOARecordTest$Test_init" time="0.0"/>
  <testcase name="test_10arg_relative_name" classname="org.xbill.DNS.SOARecordTest$Test_init" time="0.0"/>
  <testcase name="test_10arg_negative_retry" classname="org.xbill.DNS.SOARecordTest$Test_init" time="0.0"/>
  <testcase name="test_10arg_toobig_serial" classname="org.xbill.DNS.SOARecordTest$Test_init" time="0.0"/>
  <testcase name="test_10arg_negative_minimun" classname="org.xbill.DNS.SOARecordTest$Test_init" time="0.0"/>
  <testcase name="test_10arg_negative_refresh" classname="org.xbill.DNS.SOARecordTest$Test_init" time="0.0"/>
  <testcase name="test_10arg_toobig_minimum" classname="org.xbill.DNS.SOARecordTest$Test_init" time="0.0"/>
  <testcase name="test_10arg_toobig_refresh" classname="org.xbill.DNS.SOARecordTest$Test_init" time="0.0"/>
  <testcase name="test_10arg" classname="org.xbill.DNS.SOARecordTest$Test_init" time="0.0"/>
  <system-out><![CDATA[]]></system-out>
  <system-err><![CDATA[]]></system-err>
</testsuite>
