<?xml version="1.0" encoding="UTF-8"?>
<testsuite name="org.xbill.DNS.APLRecordTest$Test_rrFromWire" tests="7" skipped="0" failures="0" errors="0" timestamp="2018-11-17T16:37:31" hostname="DESKTOP-HM31OVF" time="0.002">
  <properties/>
  <testcase name="test_valid_nonIP" classname="org.xbill.DNS.APLRecordTest$Test_rrFromWire" time="0.001"/>
  <testcase name="test_validIPv4" classname="org.xbill.DNS.APLRecordTest$Test_rrFromWire" time="0.0"/>
  <testcase name="test_validIPv6" classname="org.xbill.DNS.APLRecordTest$Test_rrFromWire" time="0.0"/>
  <testcase name="test_validIPv4_short_address" classname="org.xbill.DNS.APLRecordTest$Test_rrFromWire" time="0.0"/>
  <testcase name="test_invalid_IPv4_length" classname="org.xbill.DNS.APLRecordTest$Test_rrFromWire" time="0.0"/>
  <testcase name="test_invalid_IPv4_prefix" classname="org.xbill.DNS.APLRecordTest$Test_rrFromWire" time="0.0"/>
  <testcase name="test_multiple_validIPv4" classname="org.xbill.DNS.APLRecordTest$Test_rrFromWire" time="0.0"/>
  <system-out><![CDATA[]]></system-out>
  <system-err><![CDATA[]]></system-err>
</testsuite>
