<?xml version="1.0" encoding="UTF-8"?>
<testsuite name="org.xbill.DNS.utils.base64Test" tests="35" skipped="0" failures="0" errors="0" timestamp="2018-11-17T16:37:31" hostname="DESKTOP-HM31OVF" time="0.002">
  <properties/>
  <testcase name="test_formatString_sameLength" classname="org.xbill.DNS.utils.base64Test" time="0.0"/>
  <testcase name="test_formatString_shorterWithPrefix" classname="org.xbill.DNS.utils.base64Test" time="0.0"/>
  <testcase name="test_formatString_twoBreaks1WithPrefixAndClose" classname="org.xbill.DNS.utils.base64Test" time="0.001"/>
  <testcase name="test_formatString_oneBreak" classname="org.xbill.DNS.utils.base64Test" time="0.0"/>
  <testcase name="test_formatString_twoBreaks1WithPrefix" classname="org.xbill.DNS.utils.base64Test" time="0.0"/>
  <testcase name="test_formatString_shorterWithPrefixAndClose" classname="org.xbill.DNS.utils.base64Test" time="0.0"/>
  <testcase name="test_fromString_basic1" classname="org.xbill.DNS.utils.base64Test" time="0.0"/>
  <testcase name="test_fromString_basic2" classname="org.xbill.DNS.utils.base64Test" time="0.0"/>
  <testcase name="test_fromString_basic3" classname="org.xbill.DNS.utils.base64Test" time="0.0"/>
  <testcase name="test_fromString_basic4" classname="org.xbill.DNS.utils.base64Test" time="0.0"/>
  <testcase name="test_fromString_basic5" classname="org.xbill.DNS.utils.base64Test" time="0.0"/>
  <testcase name="test_fromString_basic6" classname="org.xbill.DNS.utils.base64Test" time="0.0"/>
  <testcase name="test_fromString_empty1" classname="org.xbill.DNS.utils.base64Test" time="0.0"/>
  <testcase name="test_formatString_twoBreaks1" classname="org.xbill.DNS.utils.base64Test" time="0.0"/>
  <testcase name="test_formatString_twoBreaks2" classname="org.xbill.DNS.utils.base64Test" time="0.0"/>
  <testcase name="test_formatString_sameLengthWithPrefix" classname="org.xbill.DNS.utils.base64Test" time="0.0"/>
  <testcase name="test_formatString_sameLengthWithPrefixAndClose" classname="org.xbill.DNS.utils.base64Test" time="0.0"/>
  <testcase name="test_formatString_empty1" classname="org.xbill.DNS.utils.base64Test" time="0.0"/>
  <testcase name="test_formatString_shorter" classname="org.xbill.DNS.utils.base64Test" time="0.0"/>
  <testcase name="test_fromString_invalid1" classname="org.xbill.DNS.utils.base64Test" time="0.001"/>
  <testcase name="test_fromString_invalid2" classname="org.xbill.DNS.utils.base64Test" time="0.0"/>
  <testcase name="test_fromString_invalid3" classname="org.xbill.DNS.utils.base64Test" time="0.0"/>
  <testcase name="test_fromString_invalid4" classname="org.xbill.DNS.utils.base64Test" time="0.0"/>
  <testcase name="test_fromString_invalid5" classname="org.xbill.DNS.utils.base64Test" time="0.0"/>
  <testcase name="test_formatString_oneBreakWithPrefixAndClose" classname="org.xbill.DNS.utils.base64Test" time="0.0"/>
  <testcase name="test_formatString_oneBreakWithPrefix" classname="org.xbill.DNS.utils.base64Test" time="0.0"/>
  <testcase name="test_toString_empty" classname="org.xbill.DNS.utils.base64Test" time="0.0"/>
  <testcase name="test_toString_basic1" classname="org.xbill.DNS.utils.base64Test" time="0.0"/>
  <testcase name="test_toString_basic2" classname="org.xbill.DNS.utils.base64Test" time="0.0"/>
  <testcase name="test_toString_basic3" classname="org.xbill.DNS.utils.base64Test" time="0.0"/>
  <testcase name="test_toString_basic4" classname="org.xbill.DNS.utils.base64Test" time="0.0"/>
  <testcase name="test_toString_basic5" classname="org.xbill.DNS.utils.base64Test" time="0.0"/>
  <testcase name="test_toString_basic6" classname="org.xbill.DNS.utils.base64Test" time="0.0"/>
  <testcase name="test_formatString_twoBreaks2WithPrefixAndClose" classname="org.xbill.DNS.utils.base64Test" time="0.0"/>
  <testcase name="test_formatString_twoBreaks2WithPrefix" classname="org.xbill.DNS.utils.base64Test" time="0.0"/>
  <system-out><![CDATA[]]></system-out>
  <system-err><![CDATA[]]></system-err>
</testsuite>
