<?xml version="1.0" encoding="UTF-8"?>
<testsuite name="org.xbill.DNS.APLRecordTest$Test_init" tests="6" skipped="0" failures="0" errors="0" timestamp="2018-11-17T16:37:31" hostname="DESKTOP-HM31OVF" time="0.002">
  <properties/>
  <testcase name="test_4arg_basic" classname="org.xbill.DNS.APLRecordTest$Test_init" time="0.001"/>
  <testcase name="test_0arg" classname="org.xbill.DNS.APLRecordTest$Test_init" time="0.0"/>
  <testcase name="test_4arg_empty_elements" classname="org.xbill.DNS.APLRecordTest$Test_init" time="0.0"/>
  <testcase name="test_4arg_relative_name" classname="org.xbill.DNS.APLRecordTest$Test_init" time="0.001"/>
  <testcase name="test_4arg_invalid_elements" classname="org.xbill.DNS.APLRecordTest$Test_init" time="0.0"/>
  <testcase name="test_getObject" classname="org.xbill.DNS.APLRecordTest$Test_init" time="0.0"/>
  <system-out><![CDATA[]]></system-out>
  <system-err><![CDATA[]]></system-err>
</testsuite>
