<?xml version="1.0" encoding="UTF-8"?>
<testsuite name="org.xbill.DNS.DNSOutputTest" tests="19" skipped="0" failures="0" errors="0" timestamp="2018-11-17T16:37:31" hostname="DESKTOP-HM31OVF" time="0.004">
  <properties/>
  <testcase name="test_save_restore" classname="org.xbill.DNS.DNSOutputTest" time="0.0"/>
  <testcase name="test_default_ctor" classname="org.xbill.DNS.DNSOutputTest" time="0.0"/>
  <testcase name="test_jump_basic" classname="org.xbill.DNS.DNSOutputTest" time="0.0"/>
  <testcase name="test_writeU32_basic" classname="org.xbill.DNS.DNSOutputTest" time="0.0"/>
  <testcase name="test_writeU16_basic" classname="org.xbill.DNS.DNSOutputTest" time="0.0"/>
  <testcase name="test_writeCountedString_basic" classname="org.xbill.DNS.DNSOutputTest" time="0.0"/>
  <testcase name="test_writeCountedString_empty" classname="org.xbill.DNS.DNSOutputTest" time="0.0"/>
  <testcase name="test_initial_state" classname="org.xbill.DNS.DNSOutputTest" time="0.0"/>
  <testcase name="test_writeByteArray_1arg" classname="org.xbill.DNS.DNSOutputTest" time="0.0"/>
  <testcase name="test_writeByteArray_3arg" classname="org.xbill.DNS.DNSOutputTest" time="0.0"/>
  <testcase name="test_writeU16_toobig" classname="org.xbill.DNS.DNSOutputTest" time="0.0"/>
  <testcase name="test_writeCountedString_toobig" classname="org.xbill.DNS.DNSOutputTest" time="0.0"/>
  <testcase name="test_writeU16_max" classname="org.xbill.DNS.DNSOutputTest" time="0.001"/>
  <testcase name="test_writeU32_max" classname="org.xbill.DNS.DNSOutputTest" time="0.0"/>
  <testcase name="test_writeU8_expand" classname="org.xbill.DNS.DNSOutputTest" time="0.0"/>
  <testcase name="test_writeU8_basic" classname="org.xbill.DNS.DNSOutputTest" time="0.0"/>
  <testcase name="test_writeU8_toobig" classname="org.xbill.DNS.DNSOutputTest" time="0.0"/>
  <testcase name="test_writeU8_max" classname="org.xbill.DNS.DNSOutputTest" time="0.0"/>
  <testcase name="test_writeU32_toobig" classname="org.xbill.DNS.DNSOutputTest" time="0.0"/>
  <system-out><![CDATA[]]></system-out>
  <system-err><![CDATA[]]></system-err>
</testsuite>
