<?xml version="1.0" encoding="UTF-8"?>
<testsuite name="org.xbill.DNS.KEYBaseTest" tests="5" skipped="0" failures="0" errors="0" timestamp="2018-11-17T16:37:31" hostname="DESKTOP-HM31OVF" time="0.006">
  <properties/>
  <testcase name="test_getFootprint" classname="org.xbill.DNS.KEYBaseTest" time="0.005"/>
  <testcase name="test_ctor" classname="org.xbill.DNS.KEYBaseTest" time="0.0"/>
  <testcase name="test_rrToWire" classname="org.xbill.DNS.KEYBaseTest" time="0.0"/>
  <testcase name="test_rrToString" classname="org.xbill.DNS.KEYBaseTest" time="0.0"/>
  <testcase name="test_rrFromWire" classname="org.xbill.DNS.KEYBaseTest" time="0.0"/>
  <system-out><![CDATA[]]></system-out>
  <system-err><![CDATA[]]></system-err>
</testsuite>
