<?xml version="1.0" encoding="UTF-8"?>
<testsuite name="org.xbill.DNS.DNSSECWithProviderTest" tests="1" skipped="0" failures="0" errors="0" timestamp="2018-11-17T16:37:31" hostname="DESKTOP-HM31OVF" time="0.073">
  <properties/>
  <testcase name="testSignSoftware" classname="org.xbill.DNS.DNSSECWithProviderTest" time="0.073"/>
  <system-out><![CDATA[]]></system-out>
  <system-err><![CDATA[]]></system-err>
</testsuite>
