<?xml version="1.0" encoding="UTF-8"?>
<testsuite name="org.xbill.DNS.OpcodeTest" tests="2" skipped="0" failures="0" errors="0" timestamp="2018-11-17T16:37:31" hostname="DESKTOP-HM31OVF" time="0.0">
  <properties/>
  <testcase name="test_string" classname="org.xbill.DNS.OpcodeTest" time="0.0"/>
  <testcase name="test_value" classname="org.xbill.DNS.OpcodeTest" time="0.0"/>
  <system-out><![CDATA[]]></system-out>
  <system-err><![CDATA[]]></system-err>
</testsuite>
