<?xml version="1.0" encoding="UTF-8"?>
<testsuite name="org.xbill.DNS.NameTest$Test_toWireCanonical" tests="10" skipped="0" failures="0" errors="0" timestamp="2018-11-17T16:37:31" hostname="DESKTOP-HM31OVF" time="0.014">
  <properties/>
  <testcase name="test_0arg" classname="org.xbill.DNS.NameTest$Test_toWireCanonical" time="0.001"/>
  <testcase name="test_3arg" classname="org.xbill.DNS.NameTest$Test_toWireCanonical" time="0.0"/>
  <testcase name="test_root" classname="org.xbill.DNS.NameTest$Test_toWireCanonical" time="0.0"/>
  <testcase name="test_basic" classname="org.xbill.DNS.NameTest$Test_toWireCanonical" time="0.0"/>
  <testcase name="test_empty" classname="org.xbill.DNS.NameTest$Test_toWireCanonical" time="0.0"/>
  <testcase name="test_0arg" classname="org.xbill.DNS.NameTest$Test_toWireCanonical" time="0.0"/>
  <testcase name="test_3arg" classname="org.xbill.DNS.NameTest$Test_toWireCanonical" time="0.0"/>
  <testcase name="test_root" classname="org.xbill.DNS.NameTest$Test_toWireCanonical" time="0.0"/>
  <testcase name="test_basic" classname="org.xbill.DNS.NameTest$Test_toWireCanonical" time="0.0"/>
  <testcase name="test_empty" classname="org.xbill.DNS.NameTest$Test_toWireCanonical" time="0.0"/>
  <system-out><![CDATA[]]></system-out>
  <system-err><![CDATA[]]></system-err>
</testsuite>
