<?xml version="1.0" encoding="UTF-8"?>
<testsuite name="org.xbill.DNS.RecordTest" tests="34" skipped="0" failures="0" errors="0" timestamp="2018-11-17T16:37:31" hostname="DESKTOP-HM31OVF" time="0.005">
  <properties/>
  <testcase name="test_getRRsetType" classname="org.xbill.DNS.RecordTest" time="0.0"/>
  <testcase name="test_byteArrayFromString" classname="org.xbill.DNS.RecordTest" time="0.0"/>
  <testcase name="test_compareTo" classname="org.xbill.DNS.RecordTest" time="0.0"/>
  <testcase name="test_hashCode" classname="org.xbill.DNS.RecordTest" time="0.0"/>
  <testcase name="test_getAdditionalName" classname="org.xbill.DNS.RecordTest" time="0.001"/>
  <testcase name="test_equals" classname="org.xbill.DNS.RecordTest" time="0.0"/>
  <testcase name="test_toWireCanonical" classname="org.xbill.DNS.RecordTest" time="0.0"/>
  <testcase name="test_rdataToString" classname="org.xbill.DNS.RecordTest" time="0.0"/>
  <testcase name="test_checkU8" classname="org.xbill.DNS.RecordTest" time="0.0"/>
  <testcase name="test_newRecord_6arg_invalid" classname="org.xbill.DNS.RecordTest" time="0.0"/>
  <testcase name="test_setTTL" classname="org.xbill.DNS.RecordTest" time="0.0"/>
  <testcase name="test_toWire" classname="org.xbill.DNS.RecordTest" time="0.0"/>
  <testcase name="test_newRecord_3arg" classname="org.xbill.DNS.RecordTest" time="0.0"/>
  <testcase name="test_newRecord_4arg" classname="org.xbill.DNS.RecordTest" time="0.0"/>
  <testcase name="test_newRecord_5arg" classname="org.xbill.DNS.RecordTest" time="0.0"/>
  <testcase name="test_newRecord_6arg" classname="org.xbill.DNS.RecordTest" time="0.0"/>
  <testcase name="test_byteArrayToString" classname="org.xbill.DNS.RecordTest" time="0.0"/>
  <testcase name="test_byteArrayFromString_invalid" classname="org.xbill.DNS.RecordTest" time="0.0"/>
  <testcase name="test_ctor_4arg_invalid" classname="org.xbill.DNS.RecordTest" time="0.001"/>
  <testcase name="test_cloneRecord" classname="org.xbill.DNS.RecordTest" time="0.0"/>
  <testcase name="test_checkU16" classname="org.xbill.DNS.RecordTest" time="0.0"/>
  <testcase name="test_checkU32" classname="org.xbill.DNS.RecordTest" time="0.0"/>
  <testcase name="test_withDClass" classname="org.xbill.DNS.RecordTest" time="0.0"/>
  <testcase name="test_checkName" classname="org.xbill.DNS.RecordTest" time="0.0"/>
  <testcase name="test_ctor_0arg" classname="org.xbill.DNS.RecordTest" time="0.0"/>
  <testcase name="test_ctor_4arg" classname="org.xbill.DNS.RecordTest" time="0.0"/>
  <testcase name="test_unknownToString" classname="org.xbill.DNS.RecordTest" time="0.0"/>
  <testcase name="test_sameRRset" classname="org.xbill.DNS.RecordTest" time="0.0"/>
  <testcase name="test_fromString" classname="org.xbill.DNS.RecordTest" time="0.001"/>
  <testcase name="test_rdataToWireCanonical" classname="org.xbill.DNS.RecordTest" time="0.0"/>
  <testcase name="test_toString" classname="org.xbill.DNS.RecordTest" time="0.0"/>
  <testcase name="test_fromString_invalid" classname="org.xbill.DNS.RecordTest" time="0.0"/>
  <testcase name="test_fromWire" classname="org.xbill.DNS.RecordTest" time="0.001"/>
  <testcase name="test_withName" classname="org.xbill.DNS.RecordTest" time="0.0"/>
  <system-out><![CDATA[]]></system-out>
  <system-err><![CDATA[]]></system-err>
</testsuite>
