<?xml version="1.0" encoding="UTF-8"?>
<testsuite name="org.xbill.DNS.SingleCompressedNameBaseTest" tests="2" skipped="0" failures="0" errors="0" timestamp="2018-11-17T16:37:31" hostname="DESKTOP-HM31OVF" time="0.001">
  <properties/>
  <testcase name="test_ctor" classname="org.xbill.DNS.SingleCompressedNameBaseTest" time="0.001"/>
  <testcase name="test_rrToWire" classname="org.xbill.DNS.SingleCompressedNameBaseTest" time="0.0"/>
  <system-out><![CDATA[]]></system-out>
  <system-err><![CDATA[]]></system-err>
</testsuite>
