<?xml version="1.0" encoding="UTF-8"?>
<testsuite name="org.xbill.DNS.SerialTest" tests="12" skipped="0" failures="0" errors="0" timestamp="2018-11-17T16:37:31" hostname="DESKTOP-HM31OVF" time="0.002">
  <properties/>
  <testcase name="test_compare_Arg1Greater" classname="org.xbill.DNS.SerialTest" time="0.002"/>
  <testcase name="test_increment_reset" classname="org.xbill.DNS.SerialTest" time="0.0"/>
  <testcase name="test_compare_Arg2Greater" classname="org.xbill.DNS.SerialTest" time="0.0"/>
  <testcase name="test_increment_OOBArg" classname="org.xbill.DNS.SerialTest" time="0.0"/>
  <testcase name="test_increment_normal" classname="org.xbill.DNS.SerialTest" time="0.0"/>
  <testcase name="test_compare_NegativeArg1" classname="org.xbill.DNS.SerialTest" time="0.0"/>
  <testcase name="test_compare_NegativeArg2" classname="org.xbill.DNS.SerialTest" time="0.0"/>
  <testcase name="test_increment_NegativeArg" classname="org.xbill.DNS.SerialTest" time="0.0"/>
  <testcase name="test_compare_boundary" classname="org.xbill.DNS.SerialTest" time="0.0"/>
  <testcase name="test_compare_ArgsEqual" classname="org.xbill.DNS.SerialTest" time="0.0"/>
  <testcase name="test_compare_OOBArg1" classname="org.xbill.DNS.SerialTest" time="0.0"/>
  <testcase name="test_compare_OOBArg2" classname="org.xbill.DNS.SerialTest" time="0.0"/>
  <system-out><![CDATA[]]></system-out>
  <system-err><![CDATA[]]></system-err>
</testsuite>
