<?xml version="1.0" encoding="UTF-8"?>
<testsuite name="org.xbill.DNS.HINFORecordTest" tests="11" skipped="0" failures="0" errors="0" timestamp="2018-11-17T16:37:31" hostname="DESKTOP-HM31OVF" time="0.002">
  <properties/>
  <testcase name="test_rdataFromString_invalid_CPU" classname="org.xbill.DNS.HINFORecordTest" time="0.0"/>
  <testcase name="test_rrToWire" classname="org.xbill.DNS.HINFORecordTest" time="0.0"/>
  <testcase name="test_rdataFromString_invalid_OS" classname="org.xbill.DNS.HINFORecordTest" time="0.0"/>
  <testcase name="test_rrToString" classname="org.xbill.DNS.HINFORecordTest" time="0.0"/>
  <testcase name="test_ctor_5arg_invalid_CPU" classname="org.xbill.DNS.HINFORecordTest" time="0.0"/>
  <testcase name="test_rdataFromString" classname="org.xbill.DNS.HINFORecordTest" time="0.0"/>
  <testcase name="test_ctor_0arg" classname="org.xbill.DNS.HINFORecordTest" time="0.0"/>
  <testcase name="test_ctor_5arg" classname="org.xbill.DNS.HINFORecordTest" time="0.001"/>
  <testcase name="test_getObject" classname="org.xbill.DNS.HINFORecordTest" time="0.0"/>
  <testcase name="test_ctor_5arg_invalid_OS" classname="org.xbill.DNS.HINFORecordTest" time="0.0"/>
  <testcase name="test_rrFromWire" classname="org.xbill.DNS.HINFORecordTest" time="0.0"/>
  <system-out><![CDATA[]]></system-out>
  <system-err><![CDATA[]]></system-err>
</testsuite>
