<?xml version="1.0" encoding="UTF-8"?>
<testsuite name="org.xbill.DNS.A6RecordTest" tests="7" skipped="0" failures="0" errors="0" timestamp="2018-11-17T16:37:30" hostname="DESKTOP-HM31OVF" time="0.053">
  <properties/>
  <testcase name="test_rrToWire" classname="org.xbill.DNS.A6RecordTest" time="0.046"/>
  <testcase name="test_rrToString" classname="org.xbill.DNS.A6RecordTest" time="0.001"/>
  <testcase name="test_rdataFromString" classname="org.xbill.DNS.A6RecordTest" time="0.003"/>
  <testcase name="test_ctor_0arg" classname="org.xbill.DNS.A6RecordTest" time="0.001"/>
  <testcase name="test_ctor_6arg" classname="org.xbill.DNS.A6RecordTest" time="0.0"/>
  <testcase name="test_getObject" classname="org.xbill.DNS.A6RecordTest" time="0.0"/>
  <testcase name="test_rrFromWire" classname="org.xbill.DNS.A6RecordTest" time="0.001"/>
  <system-out><![CDATA[]]></system-out>
  <system-err><![CDATA[]]></system-err>
</testsuite>
