<?xml version="1.0" encoding="UTF-8"?>
<testsuite name="org.xbill.DNS.NameTest$Test_compareTo" tests="14" skipped="0" failures="0" errors="0" timestamp="2018-11-17T16:37:31" hostname="DESKTOP-HM31OVF" time="0.031">
  <properties/>
  <testcase name="test_label_prefix" classname="org.xbill.DNS.NameTest$Test_compareTo" time="0.0"/>
  <testcase name="test_same" classname="org.xbill.DNS.NameTest$Test_compareTo" time="0.0"/>
  <testcase name="test_more_labels" classname="org.xbill.DNS.NameTest$Test_compareTo" time="0.0"/>
  <testcase name="test_disjoint" classname="org.xbill.DNS.NameTest$Test_compareTo" time="0.001"/>
  <testcase name="test_notName" classname="org.xbill.DNS.NameTest$Test_compareTo" time="0.0"/>
  <testcase name="test_close" classname="org.xbill.DNS.NameTest$Test_compareTo" time="0.0"/>
  <testcase name="test_equal" classname="org.xbill.DNS.NameTest$Test_compareTo" time="0.0"/>
  <testcase name="test_label_prefix" classname="org.xbill.DNS.NameTest$Test_compareTo" time="0.0"/>
  <testcase name="test_same" classname="org.xbill.DNS.NameTest$Test_compareTo" time="0.0"/>
  <testcase name="test_more_labels" classname="org.xbill.DNS.NameTest$Test_compareTo" time="0.0"/>
  <testcase name="test_disjoint" classname="org.xbill.DNS.NameTest$Test_compareTo" time="0.0"/>
  <testcase name="test_notName" classname="org.xbill.DNS.NameTest$Test_compareTo" time="0.0"/>
  <testcase name="test_close" classname="org.xbill.DNS.NameTest$Test_compareTo" time="0.0"/>
  <testcase name="test_equal" classname="org.xbill.DNS.NameTest$Test_compareTo" time="0.0"/>
  <system-out><![CDATA[]]></system-out>
  <system-err><![CDATA[]]></system-err>
</testsuite>
