<?xml version="1.0" encoding="UTF-8"?>
<testsuite name="org.xbill.DNS.RRsetTest" tests="10" skipped="0" failures="0" errors="0" timestamp="2018-11-17T16:37:31" hostname="DESKTOP-HM31OVF" time="0.002">
  <properties/>
  <testcase name="test_Record_placement" classname="org.xbill.DNS.RRsetTest" time="0.001"/>
  <testcase name="test_basics" classname="org.xbill.DNS.RRsetTest" time="0.0"/>
  <testcase name="test_TTLcalculation" classname="org.xbill.DNS.RRsetTest" time="0.0"/>
  <testcase name="test_ctor_0arg" classname="org.xbill.DNS.RRsetTest" time="0.0"/>
  <testcase name="test_ctor_1arg" classname="org.xbill.DNS.RRsetTest" time="0.0"/>
  <testcase name="test_noncycling_iterator" classname="org.xbill.DNS.RRsetTest" time="0.0"/>
  <testcase name="test_addRR_invalidDClass" classname="org.xbill.DNS.RRsetTest" time="0.0"/>
  <testcase name="test_addRR_invalidName" classname="org.xbill.DNS.RRsetTest" time="0.001"/>
  <testcase name="test_addRR_invalidType" classname="org.xbill.DNS.RRsetTest" time="0.0"/>
  <testcase name="test_toString" classname="org.xbill.DNS.RRsetTest" time="0.0"/>
  <system-out><![CDATA[]]></system-out>
  <system-err><![CDATA[]]></system-err>
</testsuite>
