<?xml version="1.0" encoding="UTF-8"?>
<testsuite name="org.xbill.DNS.DNSInputTest" tests="24" skipped="0" failures="0" errors="0" timestamp="2018-11-17T16:37:31" hostname="DESKTOP-HM31OVF" time="0.004">
  <properties/>
  <testcase name="test_save_restore" classname="org.xbill.DNS.DNSInputTest" time="0.0"/>
  <testcase name="test_clearActive" classname="org.xbill.DNS.DNSInputTest" time="0.0"/>
  <testcase name="test_readU32_maxval" classname="org.xbill.DNS.DNSInputTest" time="0.0"/>
  <testcase name="test_readCountedSting" classname="org.xbill.DNS.DNSInputTest" time="0.001"/>
  <testcase name="test_readU32_basic" classname="org.xbill.DNS.DNSInputTest" time="0.0"/>
  <testcase name="test_readU16_basic" classname="org.xbill.DNS.DNSInputTest" time="0.0"/>
  <testcase name="test_readByteArray_1arg_invalid" classname="org.xbill.DNS.DNSInputTest" time="0.0"/>
  <testcase name="test_initial_state" classname="org.xbill.DNS.DNSInputTest" time="0.0"/>
  <testcase name="test_jump_invalid" classname="org.xbill.DNS.DNSInputTest" time="0.0"/>
  <testcase name="test_setActive_boundary1" classname="org.xbill.DNS.DNSInputTest" time="0.0"/>
  <testcase name="test_setActive_boundary2" classname="org.xbill.DNS.DNSInputTest" time="0.0"/>
  <testcase name="test_readByteArray_0arg" classname="org.xbill.DNS.DNSInputTest" time="0.0"/>
  <testcase name="test_readByteArray_1arg" classname="org.xbill.DNS.DNSInputTest" time="0.0"/>
  <testcase name="test_readByteArray_3arg" classname="org.xbill.DNS.DNSInputTest" time="0.0"/>
  <testcase name="test_setActive" classname="org.xbill.DNS.DNSInputTest" time="0.0"/>
  <testcase name="test_readByteArray_1arg_boundary" classname="org.xbill.DNS.DNSInputTest" time="0.0"/>
  <testcase name="test_readU16_maxval" classname="org.xbill.DNS.DNSInputTest" time="0.001"/>
  <testcase name="test_readByteArray_0arg_boundary" classname="org.xbill.DNS.DNSInputTest" time="0.0"/>
  <testcase name="test_readU8_basic" classname="org.xbill.DNS.DNSInputTest" time="0.0"/>
  <testcase name="test_readU8_maxval" classname="org.xbill.DNS.DNSInputTest" time="0.0"/>
  <testcase name="test_restore_invalid" classname="org.xbill.DNS.DNSInputTest" time="0.0"/>
  <testcase name="test_setActive_invalid" classname="org.xbill.DNS.DNSInputTest" time="0.0"/>
  <testcase name="test_jump1" classname="org.xbill.DNS.DNSInputTest" time="0.0"/>
  <testcase name="test_jump2" classname="org.xbill.DNS.DNSInputTest" time="0.001"/>
  <system-out><![CDATA[]]></system-out>
  <system-err><![CDATA[]]></system-err>
</testsuite>
