<?xml version="1.0" encoding="UTF-8"?>
<testsuite name="org.xbill.DNS.ExceptionTest" tests="8" skipped="0" failures="0" errors="0" timestamp="2018-11-17T16:37:31" hostname="DESKTOP-HM31OVF" time="0.002">
  <properties/>
  <testcase name="test_InvalidTTLException" classname="org.xbill.DNS.ExceptionTest" time="0.0"/>
  <testcase name="test_TextParseException" classname="org.xbill.DNS.ExceptionTest" time="0.0"/>
  <testcase name="test_WireParseException" classname="org.xbill.DNS.ExceptionTest" time="0.0"/>
  <testcase name="test_ZoneTransferException" classname="org.xbill.DNS.ExceptionTest" time="0.0"/>
  <testcase name="test_RelativeNameException" classname="org.xbill.DNS.ExceptionTest" time="0.001"/>
  <testcase name="test_InvalidTypeException" classname="org.xbill.DNS.ExceptionTest" time="0.0"/>
  <testcase name="test_InvalidDClassException" classname="org.xbill.DNS.ExceptionTest" time="0.0"/>
  <testcase name="test_NameTooLongException" classname="org.xbill.DNS.ExceptionTest" time="0.001"/>
  <system-out><![CDATA[]]></system-out>
  <system-err><![CDATA[]]></system-err>
</testsuite>
