<?xml version="1.0" encoding="UTF-8"?>
<testsuite name="org.xbill.DNS.NameTest$Test_toWire" tests="18" skipped="0" failures="0" errors="0" timestamp="2018-11-17T16:37:31" hostname="DESKTOP-HM31OVF" time="0.015">
  <properties/>
  <testcase name="test_with_exact_Compression" classname="org.xbill.DNS.NameTest$Test_toWire" time="0.0"/>
  <testcase name="test_0arg" classname="org.xbill.DNS.NameTest$Test_toWire" time="0.0"/>
  <testcase name="test_3arg" classname="org.xbill.DNS.NameTest$Test_toWire" time="0.0"/>
  <testcase name="test_root" classname="org.xbill.DNS.NameTest$Test_toWire" time="0.0"/>
  <testcase name="test_rel" classname="org.xbill.DNS.NameTest$Test_toWire" time="0.0"/>
  <testcase name="test_empty_Compression" classname="org.xbill.DNS.NameTest$Test_toWire" time="0.001"/>
  <testcase name="test_null_Compression" classname="org.xbill.DNS.NameTest$Test_toWire" time="0.0"/>
  <testcase name="test_0arg_rel" classname="org.xbill.DNS.NameTest$Test_toWire" time="0.0"/>
  <testcase name="test_with_partial_Compression" classname="org.xbill.DNS.NameTest$Test_toWire" time="0.0"/>
  <testcase name="test_with_exact_Compression" classname="org.xbill.DNS.NameTest$Test_toWire" time="0.0"/>
  <testcase name="test_0arg" classname="org.xbill.DNS.NameTest$Test_toWire" time="0.0"/>
  <testcase name="test_3arg" classname="org.xbill.DNS.NameTest$Test_toWire" time="0.001"/>
  <testcase name="test_root" classname="org.xbill.DNS.NameTest$Test_toWire" time="0.0"/>
  <testcase name="test_rel" classname="org.xbill.DNS.NameTest$Test_toWire" time="0.0"/>
  <testcase name="test_empty_Compression" classname="org.xbill.DNS.NameTest$Test_toWire" time="0.0"/>
  <testcase name="test_null_Compression" classname="org.xbill.DNS.NameTest$Test_toWire" time="0.0"/>
  <testcase name="test_0arg_rel" classname="org.xbill.DNS.NameTest$Test_toWire" time="0.0"/>
  <testcase name="test_with_partial_Compression" classname="org.xbill.DNS.NameTest$Test_toWire" time="0.0"/>
  <system-out><![CDATA[]]></system-out>
  <system-err><![CDATA[]]></system-err>
</testsuite>
