<?xml version="1.0" encoding="UTF-8"?>
<testsuite name="org.xbill.DNS.MessageTest$Test_init" tests="3" skipped="0" failures="0" errors="0" timestamp="2018-11-17T16:37:31" hostname="DESKTOP-HM31OVF" time="0.001">
  <properties/>
  <testcase name="test_0arg" classname="org.xbill.DNS.MessageTest$Test_init" time="0.0"/>
  <testcase name="test_1arg" classname="org.xbill.DNS.MessageTest$Test_init" time="0.0"/>
  <testcase name="test_newQuery" classname="org.xbill.DNS.MessageTest$Test_init" time="0.001"/>
  <system-out><![CDATA[]]></system-out>
  <system-err><![CDATA[]]></system-err>
</testsuite>
